<?xml version="1.0" encoding="UTF-8"?>
<!-- Generated by org.testng.reporters.JUnitXMLReporter -->
<testsuite ignored="0" hostname="HemantV" failures="0" tests="6" name="Test" time="0.045" errors="0" timestamp="2021-01-25T12:04:57 IST">
  <testcase classname="sampleMavenDemo.seleniumTest" name="BrowserAutomation" time="0.003"/>
  <testcase classname="sampleMavenDemo.seleniumTest" name="PerformAction" time="0.0"/>
  <testcase classname="sampleMavenDemo.RestAPITest" name="deleteJira" time="0.0"/>
  <testcase classname="sampleMavenDemo.RestAPITest" name="postJiraDefect" time="0.0"/>
  <testcase classname="sampleMavenDemo.MavenTest" name="androidApp" time="0.001"/>
  <testcase classname="sampleMavenDemo.MavenTest" name="nativeApp" time="0.002"/>
</testsuite> <!-- Test -->
