<?xml version="1.0" encoding="UTF-8"?>
<testsuite xmlns:xsi="http://www.w3.org/2001/XMLSchema-instance" xsi:noNamespaceSchemaLocation="https://maven.apache.org/surefire/maven-surefire-plugin/xsd/surefire-test-report-3.0.xsd" version="3.0" name="TestSuite" time="0.593" tests="6" errors="0" skipped="0" failures="0">
  <properties>
[...]
</properties>
  <testcase name="BrowserAutomation" classname="sampleMavenDemo.seleniumTest" time="0.005">
    <system-out><![CDATA[Browser Automation 
]]></system-out>
  </testcase>
  <testcase name="PerformAction" classname="sampleMavenDemo.seleniumTest" time="0.001">
    <system-out><![CDATA[Perform Action 
]]></system-out>
  </testcase>
  <testcase name="deleteJira" classname="sampleMavenDemo.RestAPITest" time="0.001">
    <system-out><![CDATA[delete jira 
]]></system-out>
  </testcase>
  <testcase name="postJiraDefect" classname="sampleMavenDemo.RestAPITest" time="0">
    <system-out><![CDATA[post jira 
]]></system-out>
  </testcase>
  <testcase name="androidApp" classname="sampleMavenDemo.MavenTest" time="0.006">
    <system-out><![CDATA[android App
]]></system-out>
  </testcase>
  <testcase name="nativeApp" classname="sampleMavenDemo.MavenTest" time="0.001">
    <system-out><![CDATA[native App
]]></system-out>
  </testcase>
</testsuite>