<?xml version="1.0" encoding="UTF-8"?>
<testng-results ignored="0" total="6" passed="6" failed="0" skipped="0">
  <reporter-output>
  </reporter-output>
  <suite started-at="2021-01-25T12:04:57 IST" name="Suite" finished-at="2021-01-25T12:04:57 IST" duration-ms="45">
    <groups>
    </groups>
    <test started-at="2021-01-25T12:04:57 IST" name="Test" finished-at="2021-01-25T12:04:57 IST" duration-ms="45">
      <class name="sampleMavenDemo.MavenTest">
        <test-method signature="androidApp()[pri:0, instance:sampleMavenDemo.MavenTest@45b4c3a9]" started-at="2021-01-25T12:04:57 IST" name="androidApp" finished-at="2021-01-25T12:04:57 IST" duration-ms="1" status="PASS">
          <reporter-output>
          </reporter-output>
        </test-method> <!-- androidApp -->
        <test-method signature="nativeApp()[pri:0, instance:sampleMavenDemo.MavenTest@45b4c3a9]" started-at="2021-01-25T12:04:57 IST" name="nativeApp" finished-at="2021-01-25T12:04:57 IST" duration-ms="2" status="PASS">
          <reporter-output>
          </reporter-output>
        </test-method> <!-- nativeApp -->
      </class> <!-- sampleMavenDemo.MavenTest -->
      <class name="sampleMavenDemo.RestAPITest">
        <test-method signature="deleteJira()[pri:0, instance:sampleMavenDemo.RestAPITest@6a2f6f80]" started-at="2021-01-25T12:04:57 IST" name="deleteJira" finished-at="2021-01-25T12:04:57 IST" duration-ms="0" status="PASS">
          <reporter-output>
          </reporter-output>
        </test-method> <!-- deleteJira -->
        <test-method signature="postJiraDefect()[pri:0, instance:sampleMavenDemo.RestAPITest@6a2f6f80]" started-at="2021-01-25T12:04:57 IST" name="postJiraDefect" finished-at="2021-01-25T12:04:57 IST" duration-ms="0" status="PASS">
          <reporter-output>
          </reporter-output>
        </test-method> <!-- postJiraDefect -->
      </class> <!-- sampleMavenDemo.RestAPITest -->
      <class name="sampleMavenDemo.seleniumTest">
        <test-method signature="BrowserAutomation()[pri:0, instance:sampleMavenDemo.seleniumTest@1190200a]" started-at="2021-01-25T12:04:57 IST" name="BrowserAutomation" finished-at="2021-01-25T12:04:57 IST" duration-ms="3" status="PASS">
          <reporter-output>
          </reporter-output>
        </test-method> <!-- BrowserAutomation -->
        <test-method signature="PerformAction()[pri:0, instance:sampleMavenDemo.seleniumTest@1190200a]" started-at="2021-01-25T12:04:57 IST" name="PerformAction" finished-at="2021-01-25T12:04:57 IST" duration-ms="0" status="PASS">
          <reporter-output>
          </reporter-output>
        </test-method> <!-- PerformAction -->
      </class> <!-- sampleMavenDemo.seleniumTest -->
    </test> <!-- Test -->
  </suite> <!-- Suite -->
</testng-results>
